{"level":"error","message":"erorro erorro","stack":"Error: erorro\n    at Object.<anonymous> (/home/ai/Documents/nodejs/vidly/index.js:30:7)\n    at Module._compile (node:internal/modules/cjs/loader:1126:14)\n    at Object.Module._extensions..js (node:internal/modules/cjs/loader:1180:10)\n    at Module.load (node:internal/modules/cjs/loader:1004:32)\n    at Function.Module._load (node:internal/modules/cjs/loader:839:12)\n    at Function.executeUserEntryPoint [as runMain] (node:internal/modules/run_main:81:12)\n    at node:internal/main/run_main_module:17:47"}
{"level":"info","message":"Listening on port 3000..."}
{"level":"info","message":"Connected to MongoDB ... "}
{"level":"info","message":"Listening on port 3000..."}
{"level":"info","message":"Connected to MongoDB ... "}
{"level":"info","message":"Listening on port 3000..."}
{"level":"info","message":"Connected to MongoDB ... "}
{"level":"info","message":"Listening on port 3000..."}
{"level":"info","message":"Connected to MongoDB ... "}
{"level":"info","message":"Listening on port 3000..."}
{"level":"info","message":"Listening on port 3000..."}
{"level":"info","message":"Listening on port 3000..."}
{"level":"info","message":"Connected to MongoDB ... "}
{"level":"info","message":"Listening on port 3000..."}
{"level":"info","message":"Listening on port 3000..."}
{"level":"info","message":"Connected to MongoDB ... "}
{"level":"info","message":"Listening on port 3000..."}
{"level":"info","message":"Connected to mongodb://localhost/vidly ... "}
{"level":"info","message":"Listening on port 3000..."}
{"level":"info","message":"Listening on port 3000..."}
{"level":"info","message":"Listening on port 3000..."}
{"level":"info","message":"Listening on port 3000..."}
{"level":"info","message":"Listening on port 3000..."}
{"level":"info","message":"Listening on port 3000..."}
{"level":"info","message":"Listening on port 3000..."}
{"level":"info","message":"Listening on port 3000..."}
{"level":"info","message":"Listening on port 3000..."}
{"level":"info","message":"Listening on port 3000..."}
{"level":"info","message":"Listening on port 3000..."}
{"level":"info","message":"Listening on port 3000..."}
{"level":"info","message":"Listening on port 3000..."}
{"level":"info","message":"Listening on port 3000..."}
{"kind":"ObjectId","level":"error","message":"Cast to ObjectId failed for value \"1\" (type string) at path \"_id\" for model \"Genre\" Cast to ObjectId failed for value \"1\" (type string) at path \"_id\" for model \"Genre\"","path":"_id","reason":{},"stack":"CastError: Cast to ObjectId failed for value \"1\" (type string) at path \"_id\" for model \"Genre\"\n    at model.Query.exec (/home/ai/Documents/nodejs/vidly/node_modules/mongoose/lib/query.js:4897:21)\n    at model.Query.Object.<anonymous>.Query.then (/home/ai/Documents/nodejs/vidly/node_modules/mongoose/lib/query.js:4996:15)\n    at processTicksAndRejections (node:internal/process/task_queues:96:5)","stringValue":"\"1\"","value":"1","valueType":"string"}
{"level":"info","message":"Listening on port 3000..."}
{"level":"info","message":"Listening on port 3000..."}
{"level":"info","message":"Listening on port 3000..."}
{"kind":"ObjectId","level":"error","message":"Cast to ObjectId failed for value \"1\" (type string) at path \"_id\" for model \"Genre\" Cast to ObjectId failed for value \"1\" (type string) at path \"_id\" for model \"Genre\"","path":"_id","reason":{},"stack":"CastError: Cast to ObjectId failed for value \"1\" (type string) at path \"_id\" for model \"Genre\"\n    at model.Query.exec (/home/ai/Documents/nodejs/vidly/node_modules/mongoose/lib/query.js:4897:21)\n    at model.Query.Object.<anonymous>.Query.then (/home/ai/Documents/nodejs/vidly/node_modules/mongoose/lib/query.js:4996:15)\n    at processTicksAndRejections (node:internal/process/task_queues:96:5)","stringValue":"\"1\"","value":"1","valueType":"string"}
{"level":"info","message":"Listening on port 3000..."}
{"kind":"ObjectId","level":"error","message":"Cast to ObjectId failed for value \"1\" (type string) at path \"_id\" for model \"Genre\" Cast to ObjectId failed for value \"1\" (type string) at path \"_id\" for model \"Genre\"","path":"_id","reason":{},"stack":"CastError: Cast to ObjectId failed for value \"1\" (type string) at path \"_id\" for model \"Genre\"\n    at model.Query.exec (/home/ai/Documents/nodejs/vidly/node_modules/mongoose/lib/query.js:4897:21)\n    at model.Query.Object.<anonymous>.Query.then (/home/ai/Documents/nodejs/vidly/node_modules/mongoose/lib/query.js:4996:15)\n    at processTicksAndRejections (node:internal/process/task_queues:96:5)","stringValue":"\"1\"","value":"1","valueType":"string"}
{"level":"info","message":"Listening on port 3000..."}
{"level":"info","message":"Listening on port 3000..."}
{"level":"info","message":"Listening on port 3000..."}
{"_message":"Genre validation failed","errors":{"name":{"kind":"minlength","message":"Path `name` (`gen`) is shorter than the minimum allowed length (5).","name":"ValidatorError","path":"name","properties":{"message":"Path `name` (`gen`) is shorter than the minimum allowed length (5).","minlength":5,"path":"name","type":"minlength","value":"gen"},"value":"gen"}},"level":"error","message":"Genre validation failed: name: Path `name` (`gen`) is shorter than the minimum allowed length (5). Genre validation failed: name: Path `name` (`gen`) is shorter than the minimum allowed length (5).","stack":"ValidationError: Genre validation failed: name: Path `name` (`gen`) is shorter than the minimum allowed length (5).\n    at model.Object.<anonymous>.Document.invalidate (/home/ai/Documents/nodejs/vidly/node_modules/mongoose/lib/document.js:3123:32)\n    at /home/ai/Documents/nodejs/vidly/node_modules/mongoose/lib/document.js:2911:17\n    at /home/ai/Documents/nodejs/vidly/node_modules/mongoose/lib/schematype.js:1349:9\n    at processTicksAndRejections (node:internal/process/task_queues:78:11)"}
{"level":"info","message":"Listening on port 3000..."}
{"level":"info","message":"Listening on port 3000..."}
{"level":"info","message":"Listening on port 3000..."}
{"_message":"Genre validation failed","errors":{"name":{"kind":"maxlength","message":"Path `name` (`aaaaaaaaaaaaaaaaaaaaaaaaaaaaaaaaaaaaaaaaaaaaaaaaaaaaaa`) is longer than the maximum allowed length (50).","name":"ValidatorError","path":"name","properties":{"maxlength":50,"message":"Path `name` (`aaaaaaaaaaaaaaaaaaaaaaaaaaaaaaaaaaaaaaaaaaaaaaaaaaaaaa`) is longer than the maximum allowed length (50).","path":"name","type":"maxlength","value":"aaaaaaaaaaaaaaaaaaaaaaaaaaaaaaaaaaaaaaaaaaaaaaaaaaaaaa"},"value":"aaaaaaaaaaaaaaaaaaaaaaaaaaaaaaaaaaaaaaaaaaaaaaaaaaaaaa"}},"level":"error","message":"Genre validation failed: name: Path `name` (`aaaaaaaaaaaaaaaaaaaaaaaaaaaaaaaaaaaaaaaaaaaaaaaaaaaaaa`) is longer than the maximum allowed length (50). Genre validation failed: name: Path `name` (`aaaaaaaaaaaaaaaaaaaaaaaaaaaaaaaaaaaaaaaaaaaaaaaaaaaaaa`) is longer than the maximum allowed length (50).","stack":"ValidationError: Genre validation failed: name: Path `name` (`aaaaaaaaaaaaaaaaaaaaaaaaaaaaaaaaaaaaaaaaaaaaaaaaaaaaaa`) is longer than the maximum allowed length (50).\n    at model.Object.<anonymous>.Document.invalidate (/home/ai/Documents/nodejs/vidly/node_modules/mongoose/lib/document.js:3123:32)\n    at /home/ai/Documents/nodejs/vidly/node_modules/mongoose/lib/document.js:2911:17\n    at /home/ai/Documents/nodejs/vidly/node_modules/mongoose/lib/schematype.js:1349:9\n    at processTicksAndRejections (node:internal/process/task_queues:78:11)"}
{"level":"info","message":"Listening on port 3000..."}
{"level":"info","message":"Listening on port 3000..."}
{"level":"info","message":"Listening on port 3000..."}
{"level":"info","message":"Listening on port 3000..."}
{"level":"info","message":"Listening on port 3000..."}
{"level":"info","message":"Listening on port 3000..."}
{"level":"info","message":"Listening on port 3000..."}
{"level":"info","message":"Listening on port 3000..."}
{"level":"info","message":"Listening on port 3000..."}
{"level":"info","message":"Listening on port 3000..."}
{"level":"info","message":"Listening on port 3000..."}
{"level":"info","message":"Listening on port 3000..."}
{"level":"info","message":"Listening on port 3000..."}
{"level":"info","message":"Listening on port 3000..."}
{"level":"info","message":"Listening on port 3000..."}
{"level":"info","message":"Listening on port 3000..."}
{"level":"info","message":"Listening on port 3000..."}
{"level":"info","message":"Listening on port 3000..."}
{"level":"info","message":"Listening on port 3000..."}
{"level":"info","message":"Listening on port 3000..."}
{"level":"info","message":"Listening on port 3000..."}
{"level":"info","message":"Listening on port 3000..."}
{"level":"info","message":"Listening on port 3000..."}
{"level":"info","message":"Listening on port 3000..."}
{"level":"info","message":"Listening on port 3000..."}
{"level":"info","message":"Listening on port 3000..."}
{"level":"info","message":"Listening on port 3000..."}
{"level":"info","message":"Listening on port 3000..."}
{"level":"info","message":"Listening on port 3000..."}
{"level":"info","message":"Listening on port 3000..."}
{"level":"info","message":"Listening on port 3000..."}
{"level":"info","message":"Listening on port 3000..."}
{"level":"info","message":"Listening on port 3000..."}
{"level":"info","message":"Listening on port 3000..."}
{"level":"info","message":"Listening on port 3000..."}
{"level":"info","message":"Listening on port 3000..."}
{"level":"info","message":"Listening on port 3000..."}
{"level":"info","message":"Listening on port 3000..."}
{"level":"info","message":"Listening on port 3000..."}
{"level":"info","message":"Listening on port 3000..."}
{"level":"info","message":"Listening on port 3000..."}
{"level":"info","message":"Listening on port 3000..."}
{"level":"info","message":"Listening on port 3000..."}
{"level":"info","message":"Listening on port 3000..."}
{"level":"info","message":"Listening on port 3000..."}
{"level":"info","message":"Listening on port 3000..."}
{"level":"info","message":"Listening on port 3000..."}
{"level":"info","message":"Listening on port 3000..."}
{"level":"info","message":"Listening on port 3000..."}
{"level":"info","message":"Listening on port 3000..."}
{"level":"info","message":"Listening on port 3000..."}
{"level":"info","message":"Listening on port 3000..."}
{"level":"info","message":"Listening on port 3000..."}
{"level":"info","message":"Listening on port 3000..."}
{"level":"info","message":"Listening on port 3000..."}
{"level":"info","message":"Listening on port 3000..."}
{"level":"info","message":"Listening on port 3000..."}
{"level":"info","message":"Listening on port 3000..."}
{"level":"info","message":"Listening on port 3000..."}
{"level":"info","message":"Listening on port 3000..."}
{"level":"info","message":"Listening on port 3000..."}
{"level":"info","message":"Listening on port 3000..."}
{"level":"info","message":"Listening on port 3000..."}
{"level":"info","message":"Listening on port 3000..."}
{"level":"info","message":"Listening on port 3000..."}
{"level":"info","message":"Listening on port 3000..."}
{"level":"info","message":"Listening on port 3000..."}
{"level":"info","message":"Listening on port 3000..."}
{"level":"info","message":"Listening on port 3000..."}
{"level":"info","message":"Listening on port 3000..."}
{"level":"info","message":"Listening on port 3000..."}
{"level":"info","message":"Listening on port 3000..."}
{"level":"info","message":"Listening on port 3000..."}
{"level":"info","message":"Listening on port 3000..."}
{"level":"info","message":"Listening on port 3000..."}
{"level":"info","message":"Listening on port 3000..."}
{"level":"info","message":"Listening on port 3000..."}
{"level":"info","message":"Listening on port 3000..."}
{"level":"info","message":"Listening on port 3000..."}
{"level":"info","message":"Listening on port 3000..."}
{"level":"info","message":"Listening on port 3000..."}
{"level":"info","message":"Listening on port 3000..."}
{"level":"info","message":"Listening on port 3000..."}
{"level":"info","message":"Listening on port 3000..."}
{"level":"info","message":"Listening on port 3000..."}
{"level":"info","message":"Listening on port 3000..."}
{"level":"info","message":"Listening on port 3000..."}
{"level":"info","message":"Listening on port 3000..."}
{"level":"info","message":"Listening on port 3000..."}
{"level":"info","message":"Listening on port 3000..."}
{"level":"info","message":"Listening on port 3000..."}
{"level":"info","message":"Listening on port 3000..."}
{"level":"info","message":"Listening on port 3000..."}
{"level":"info","message":"Listening on port 3000..."}
{"level":"info","message":"Listening on port 3000..."}
{"level":"info","message":"Listening on port 3000..."}
{"level":"info","message":"Listening on port 3000..."}
{"level":"info","message":"Listening on port 3000..."}
{"level":"info","message":"Listening on port 3000..."}
{"level":"info","message":"Listening on port 3000..."}
{"level":"info","message":"Listening on port 3000..."}
{"level":"info","message":"Listening on port 3000..."}
{"level":"info","message":"Listening on port 3000..."}
{"level":"info","message":"Listening on port 3000..."}
{"level":"info","message":"Listening on port 3000..."}
{"level":"info","message":"Listening on port 3000..."}
{"level":"info","message":"Listening on port 3000..."}
{"level":"info","message":"Listening on port 3000..."}
{"level":"info","message":"Listening on port 3000..."}
{"level":"info","message":"Listening on port 3000..."}
{"level":"info","message":"Listening on port 3000..."}
{"level":"info","message":"Listening on port 3000..."}
{"level":"info","message":"Listening on port 3000..."}
{"level":"info","message":"Listening on port 3000..."}
{"level":"info","message":"Listening on port 3000..."}
{"level":"info","message":"Listening on port 3000..."}
{"level":"info","message":"Listening on port 3000..."}
{"level":"info","message":"Listening on port 3000..."}
{"level":"info","message":"Listening on port 3000..."}
{"level":"info","message":"Listening on port 3000..."}
{"level":"info","message":"Listening on port 3000..."}
{"level":"info","message":"Listening on port 3000..."}
{"level":"info","message":"Listening on port 3000..."}
{"level":"info","message":"Listening on port 3000..."}
{"level":"info","message":"Listening on port 3000..."}
{"level":"info","message":"Listening on port 3000..."}
{"level":"info","message":"Listening on port 3000..."}
{"level":"info","message":"Listening on port 3000..."}
{"level":"info","message":"Listening on port 3000..."}
{"level":"info","message":"Listening on port 3000..."}
{"level":"info","message":"Listening on port 3000..."}
{"level":"info","message":"Listening on port 3000..."}
{"level":"info","message":"Listening on port 3000..."}
{"level":"info","message":"Listening on port 3000..."}
{"level":"info","message":"Listening on port 3030..."}
{"level":"info","message":"Listening on port 3030..."}
{"level":"info","message":"Listening on port 3030..."}
{"level":"info","message":"Listening on port 3030..."}
{"level":"info","message":"Listening on port 3030..."}
{"level":"info","message":"Listening on port 3030..."}
{"level":"info","message":"Listening on port 3030..."}
{"level":"info","message":"Listening on port 3030..."}
{"level":"info","message":"Listening on port 3030..."}
{"level":"info","message":"Listening on port 3030..."}
{"level":"info","message":"Listening on port 3030..."}
{"level":"info","message":"Listening on port 3030..."}
{"level":"info","message":"Listening on port 3030..."}
{"level":"info","message":"Listening on port 3030..."}
{"level":"info","message":"Listening on port 3030..."}
{"level":"info","message":"Listening on port 3030..."}
{"level":"info","message":"Listening on port 3030..."}
{"level":"info","message":"Listening on port 3030..."}
{"level":"info","message":"Listening on port 3030..."}
{"level":"info","message":"Listening on port 3030..."}
{"level":"info","message":"Listening on port 3030..."}
{"level":"info","message":"Listening on port 3030..."}
{"level":"info","message":"Listening on port 3030..."}
{"level":"info","message":"Listening on port 3030..."}
{"level":"info","message":"Listening on port 3030..."}
{"level":"info","message":"Listening on port 3030..."}
{"level":"info","message":"Listening on port 3030..."}
{"level":"info","message":"Listening on port 3030..."}
{"level":"info","message":"Listening on port 3030..."}
{"level":"info","message":"Listening on port 3030..."}
{"level":"info","message":"Listening on port 3030..."}
{"level":"info","message":"Listening on port 3030..."}
{"level":"info","message":"Listening on port 3030..."}
{"level":"info","message":"Listening on port 3030..."}
{"level":"info","message":"Listening on port 3030..."}
{"level":"info","message":"Listening on port 3030..."}
{"level":"info","message":"Listening on port 3030..."}
{"level":"info","message":"Listening on port 3030..."}
{"level":"info","message":"Listening on port 3030..."}
{"level":"info","message":"Listening on port 3030..."}
{"level":"info","message":"Listening on port 3030..."}
{"level":"info","message":"Listening on port 3030..."}
{"level":"info","message":"Listening on port 3030..."}
{"level":"info","message":"Listening on port 3030..."}
{"level":"info","message":"Listening on port 3030..."}
{"level":"info","message":"Listening on port 3030..."}
{"level":"info","message":"Listening on port 3030..."}
{"level":"info","message":"Listening on port 3030..."}
{"level":"info","message":"Listening on port 3030..."}
{"level":"info","message":"Listening on port 3030..."}
{"level":"info","message":"Listening on port 3030..."}
{"level":"error","message":"Cannot read properties of undefined (reading 'get') Cannot read properties of undefined (reading 'get')","stack":"TypeError: Cannot read properties of undefined (reading 'get')\n    at admin (/home/ai/Documents/nodejs/vidly/middleware/admin.js:4:15)\n    at newFn (/home/ai/Documents/nodejs/vidly/node_modules/express-async-errors/index.js:16:20)\n    at Layer.handle [as handle_request] (/home/ai/Documents/nodejs/vidly/node_modules/express/lib/router/layer.js:95:5)\n    at next (/home/ai/Documents/nodejs/vidly/node_modules/express/lib/router/route.js:137:13)\n    at auth (/home/ai/Documents/nodejs/vidly/middleware/auth.js:5:43)\n    at newFn (/home/ai/Documents/nodejs/vidly/node_modules/express-async-errors/index.js:16:20)\n    at Layer.handle [as handle_request] (/home/ai/Documents/nodejs/vidly/node_modules/express/lib/router/layer.js:95:5)\n    at next (/home/ai/Documents/nodejs/vidly/node_modules/express/lib/router/route.js:137:13)\n    at Route.dispatch (/home/ai/Documents/nodejs/vidly/node_modules/express/lib/router/route.js:112:3)\n    at newFn (/home/ai/Documents/nodejs/vidly/node_modules/express-async-errors/index.js:16:20)\n    at Layer.handle [as handle_request] (/home/ai/Documents/nodejs/vidly/node_modules/express/lib/router/layer.js:95:5)\n    at /home/ai/Documents/nodejs/vidly/node_modules/express/lib/router/index.js:281:22\n    at param (/home/ai/Documents/nodejs/vidly/node_modules/express/lib/router/index.js:354:14)\n    at param (/home/ai/Documents/nodejs/vidly/node_modules/express/lib/router/index.js:365:14)\n    at Function.process_params (/home/ai/Documents/nodejs/vidly/node_modules/express/lib/router/index.js:410:3)\n    at next (/home/ai/Documents/nodejs/vidly/node_modules/express/lib/router/index.js:275:10)"}
{"level":"error","message":"Cannot read properties of undefined (reading 'get') Cannot read properties of undefined (reading 'get')","stack":"TypeError: Cannot read properties of undefined (reading 'get')\n    at admin (/home/ai/Documents/nodejs/vidly/middleware/admin.js:4:15)\n    at newFn (/home/ai/Documents/nodejs/vidly/node_modules/express-async-errors/index.js:16:20)\n    at Layer.handle [as handle_request] (/home/ai/Documents/nodejs/vidly/node_modules/express/lib/router/layer.js:95:5)\n    at next (/home/ai/Documents/nodejs/vidly/node_modules/express/lib/router/route.js:137:13)\n    at auth (/home/ai/Documents/nodejs/vidly/middleware/auth.js:5:43)\n    at newFn (/home/ai/Documents/nodejs/vidly/node_modules/express-async-errors/index.js:16:20)\n    at Layer.handle [as handle_request] (/home/ai/Documents/nodejs/vidly/node_modules/express/lib/router/layer.js:95:5)\n    at next (/home/ai/Documents/nodejs/vidly/node_modules/express/lib/router/route.js:137:13)\n    at Route.dispatch (/home/ai/Documents/nodejs/vidly/node_modules/express/lib/router/route.js:112:3)\n    at newFn (/home/ai/Documents/nodejs/vidly/node_modules/express-async-errors/index.js:16:20)\n    at Layer.handle [as handle_request] (/home/ai/Documents/nodejs/vidly/node_modules/express/lib/router/layer.js:95:5)\n    at /home/ai/Documents/nodejs/vidly/node_modules/express/lib/router/index.js:281:22\n    at param (/home/ai/Documents/nodejs/vidly/node_modules/express/lib/router/index.js:354:14)\n    at param (/home/ai/Documents/nodejs/vidly/node_modules/express/lib/router/index.js:365:14)\n    at Function.process_params (/home/ai/Documents/nodejs/vidly/node_modules/express/lib/router/index.js:410:3)\n    at next (/home/ai/Documents/nodejs/vidly/node_modules/express/lib/router/index.js:275:10)"}
{"kind":"ObjectId","level":"error","message":"Cast to ObjectId failed for value \"new\" (type string) at path \"_id\" for model \"Movies\" Cast to ObjectId failed for value \"new\" (type string) at path \"_id\" for model \"Movies\"","path":"_id","reason":{},"stack":"CastError: Cast to ObjectId failed for value \"new\" (type string) at path \"_id\" for model \"Movies\"\n    at model.Query.exec (/home/ai/Documents/nodejs/vidly/node_modules/mongoose/lib/query.js:4897:21)\n    at Query.then (/home/ai/Documents/nodejs/vidly/node_modules/mongoose/lib/query.js:4996:15)\n    at process.processTicksAndRejections (node:internal/process/task_queues:95:5)","stringValue":"\"new\"","value":"new","valueType":"string"}
{"kind":"ObjectId","level":"error","message":"Cast to ObjectId failed for value \"new\" (type string) at path \"_id\" for model \"Movies\" Cast to ObjectId failed for value \"new\" (type string) at path \"_id\" for model \"Movies\"","path":"_id","reason":{},"stack":"CastError: Cast to ObjectId failed for value \"new\" (type string) at path \"_id\" for model \"Movies\"\n    at model.Query.exec (/home/ai/Documents/nodejs/vidly/node_modules/mongoose/lib/query.js:4897:21)\n    at Query.then (/home/ai/Documents/nodejs/vidly/node_modules/mongoose/lib/query.js:4996:15)\n    at process.processTicksAndRejections (node:internal/process/task_queues:95:5)","stringValue":"\"new\"","value":"new","valueType":"string"}
{"kind":"ObjectId","level":"error","message":"Cast to ObjectId failed for value \"new\" (type string) at path \"_id\" for model \"Movies\" Cast to ObjectId failed for value \"new\" (type string) at path \"_id\" for model \"Movies\"","path":"_id","reason":{},"stack":"CastError: Cast to ObjectId failed for value \"new\" (type string) at path \"_id\" for model \"Movies\"\n    at model.Query.exec (/home/ai/Documents/nodejs/vidly/node_modules/mongoose/lib/query.js:4897:21)\n    at Query.then (/home/ai/Documents/nodejs/vidly/node_modules/mongoose/lib/query.js:4996:15)\n    at process.processTicksAndRejections (node:internal/process/task_queues:95:5)","stringValue":"\"new\"","value":"new","valueType":"string"}
{"kind":"ObjectId","level":"error","message":"Cast to ObjectId failed for value \"new\" (type string) at path \"_id\" for model \"Movies\" Cast to ObjectId failed for value \"new\" (type string) at path \"_id\" for model \"Movies\"","path":"_id","reason":{},"stack":"CastError: Cast to ObjectId failed for value \"new\" (type string) at path \"_id\" for model \"Movies\"\n    at model.Query.exec (/home/ai/Documents/nodejs/vidly/node_modules/mongoose/lib/query.js:4897:21)\n    at Query.then (/home/ai/Documents/nodejs/vidly/node_modules/mongoose/lib/query.js:4996:15)\n    at process.processTicksAndRejections (node:internal/process/task_queues:95:5)","stringValue":"\"new\"","value":"new","valueType":"string"}
{"kind":"ObjectId","level":"error","message":"Cast to ObjectId failed for value \"new\" (type string) at path \"_id\" for model \"Movies\" Cast to ObjectId failed for value \"new\" (type string) at path \"_id\" for model \"Movies\"","path":"_id","reason":{},"stack":"CastError: Cast to ObjectId failed for value \"new\" (type string) at path \"_id\" for model \"Movies\"\n    at model.Query.exec (/home/ai/Documents/nodejs/vidly/node_modules/mongoose/lib/query.js:4897:21)\n    at Query.then (/home/ai/Documents/nodejs/vidly/node_modules/mongoose/lib/query.js:4996:15)\n    at process.processTicksAndRejections (node:internal/process/task_queues:95:5)","stringValue":"\"new\"","value":"new","valueType":"string"}
{"kind":"ObjectId","level":"error","message":"Cast to ObjectId failed for value \"new\" (type string) at path \"_id\" for model \"Movies\" Cast to ObjectId failed for value \"new\" (type string) at path \"_id\" for model \"Movies\"","path":"_id","reason":{},"stack":"CastError: Cast to ObjectId failed for value \"new\" (type string) at path \"_id\" for model \"Movies\"\n    at model.Query.exec (/home/ai/Documents/nodejs/vidly/node_modules/mongoose/lib/query.js:4897:21)\n    at Query.then (/home/ai/Documents/nodejs/vidly/node_modules/mongoose/lib/query.js:4996:15)\n    at process.processTicksAndRejections (node:internal/process/task_queues:95:5)","stringValue":"\"new\"","value":"new","valueType":"string"}
{"kind":"ObjectId","level":"error","message":"Cast to ObjectId failed for value \"new\" (type string) at path \"_id\" for model \"Movies\" Cast to ObjectId failed for value \"new\" (type string) at path \"_id\" for model \"Movies\"","path":"_id","reason":{},"stack":"CastError: Cast to ObjectId failed for value \"new\" (type string) at path \"_id\" for model \"Movies\"\n    at model.Query.exec (/home/ai/Documents/nodejs/vidly/node_modules/mongoose/lib/query.js:4897:21)\n    at Query.then (/home/ai/Documents/nodejs/vidly/node_modules/mongoose/lib/query.js:4996:15)\n    at process.processTicksAndRejections (node:internal/process/task_queues:95:5)","stringValue":"\"new\"","value":"new","valueType":"string"}
{"kind":"ObjectId","level":"error","message":"Cast to ObjectId failed for value \"new\" (type string) at path \"_id\" for model \"Movies\" Cast to ObjectId failed for value \"new\" (type string) at path \"_id\" for model \"Movies\"","path":"_id","reason":{},"stack":"CastError: Cast to ObjectId failed for value \"new\" (type string) at path \"_id\" for model \"Movies\"\n    at model.Query.exec (/home/ai/Documents/nodejs/vidly/node_modules/mongoose/lib/query.js:4897:21)\n    at Query.then (/home/ai/Documents/nodejs/vidly/node_modules/mongoose/lib/query.js:4996:15)\n    at process.processTicksAndRejections (node:internal/process/task_queues:95:5)","stringValue":"\"new\"","value":"new","valueType":"string"}
{"kind":"ObjectId","level":"error","message":"Cast to ObjectId failed for value \"new\" (type string) at path \"_id\" for model \"Movies\" Cast to ObjectId failed for value \"new\" (type string) at path \"_id\" for model \"Movies\"","path":"_id","reason":{},"stack":"CastError: Cast to ObjectId failed for value \"new\" (type string) at path \"_id\" for model \"Movies\"\n    at model.Query.exec (/home/ai/Documents/nodejs/vidly/node_modules/mongoose/lib/query.js:4897:21)\n    at Query.then (/home/ai/Documents/nodejs/vidly/node_modules/mongoose/lib/query.js:4996:15)\n    at process.processTicksAndRejections (node:internal/process/task_queues:95:5)","stringValue":"\"new\"","value":"new","valueType":"string"}
{"kind":"ObjectId","level":"error","message":"Cast to ObjectId failed for value \"63ae708b57dc345d5ce171e01\" (type string) at path \"_id\" for model \"Movies\" Cast to ObjectId failed for value \"63ae708b57dc345d5ce171e01\" (type string) at path \"_id\" for model \"Movies\"","path":"_id","reason":{},"stack":"CastError: Cast to ObjectId failed for value \"63ae708b57dc345d5ce171e01\" (type string) at path \"_id\" for model \"Movies\"\n    at model.Query.exec (/home/ai/Documents/nodejs/vidly/node_modules/mongoose/lib/query.js:4897:21)\n    at Query.then (/home/ai/Documents/nodejs/vidly/node_modules/mongoose/lib/query.js:4996:15)\n    at process.processTicksAndRejections (node:internal/process/task_queues:95:5)","stringValue":"\"63ae708b57dc345d5ce171e01\"","value":"63ae708b57dc345d5ce171e01","valueType":"string"}
{"kind":"ObjectId","level":"error","message":"Cast to ObjectId failed for value \"63ae708b57dc345d5ce171e01\" (type string) at path \"_id\" for model \"Movies\" Cast to ObjectId failed for value \"63ae708b57dc345d5ce171e01\" (type string) at path \"_id\" for model \"Movies\"","path":"_id","reason":{},"stack":"CastError: Cast to ObjectId failed for value \"63ae708b57dc345d5ce171e01\" (type string) at path \"_id\" for model \"Movies\"\n    at model.Query.exec (/home/ai/Documents/nodejs/vidly/node_modules/mongoose/lib/query.js:4897:21)\n    at Query.then (/home/ai/Documents/nodejs/vidly/node_modules/mongoose/lib/query.js:4996:15)\n    at process.processTicksAndRejections (node:internal/process/task_queues:95:5)","stringValue":"\"63ae708b57dc345d5ce171e01\"","value":"63ae708b57dc345d5ce171e01","valueType":"string"}
{"kind":"ObjectId","level":"error","message":"Cast to ObjectId failed for value \"63ae708b57dc345d5ce171e01\" (type string) at path \"_id\" for model \"Movies\" Cast to ObjectId failed for value \"63ae708b57dc345d5ce171e01\" (type string) at path \"_id\" for model \"Movies\"","path":"_id","reason":{},"stack":"CastError: Cast to ObjectId failed for value \"63ae708b57dc345d5ce171e01\" (type string) at path \"_id\" for model \"Movies\"\n    at model.Query.exec (/home/ai/Documents/nodejs/vidly/node_modules/mongoose/lib/query.js:4897:21)\n    at Query.then (/home/ai/Documents/nodejs/vidly/node_modules/mongoose/lib/query.js:4996:15)\n    at process.processTicksAndRejections (node:internal/process/task_queues:95:5)","stringValue":"\"63ae708b57dc345d5ce171e01\"","value":"63ae708b57dc345d5ce171e01","valueType":"string"}
{"kind":"ObjectId","level":"error","message":"Cast to ObjectId failed for value \"63ae708b57dc345d5ce171e01\" (type string) at path \"_id\" for model \"Movies\" Cast to ObjectId failed for value \"63ae708b57dc345d5ce171e01\" (type string) at path \"_id\" for model \"Movies\"","path":"_id","reason":{},"stack":"CastError: Cast to ObjectId failed for value \"63ae708b57dc345d5ce171e01\" (type string) at path \"_id\" for model \"Movies\"\n    at model.Query.exec (/home/ai/Documents/nodejs/vidly/node_modules/mongoose/lib/query.js:4897:21)\n    at Query.then (/home/ai/Documents/nodejs/vidly/node_modules/mongoose/lib/query.js:4996:15)\n    at process.processTicksAndRejections (node:internal/process/task_queues:95:5)","stringValue":"\"63ae708b57dc345d5ce171e01\"","value":"63ae708b57dc345d5ce171e01","valueType":"string"}
{"kind":"ObjectId","level":"error","message":"Cast to ObjectId failed for value \"63ae708b57dc345d5ce171e01\" (type string) at path \"_id\" for model \"Movies\" Cast to ObjectId failed for value \"63ae708b57dc345d5ce171e01\" (type string) at path \"_id\" for model \"Movies\"","path":"_id","reason":{},"stack":"CastError: Cast to ObjectId failed for value \"63ae708b57dc345d5ce171e01\" (type string) at path \"_id\" for model \"Movies\"\n    at model.Query.exec (/home/ai/Documents/nodejs/vidly/node_modules/mongoose/lib/query.js:4897:21)\n    at Query.then (/home/ai/Documents/nodejs/vidly/node_modules/mongoose/lib/query.js:4996:15)\n    at process.processTicksAndRejections (node:internal/process/task_queues:95:5)","stringValue":"\"63ae708b57dc345d5ce171e01\"","value":"63ae708b57dc345d5ce171e01","valueType":"string"}
{"kind":"ObjectId","level":"error","message":"Cast to ObjectId failed for value \"63ae708b57dc345d5ce171e01\" (type string) at path \"_id\" for model \"Movies\" Cast to ObjectId failed for value \"63ae708b57dc345d5ce171e01\" (type string) at path \"_id\" for model \"Movies\"","path":"_id","reason":{},"stack":"CastError: Cast to ObjectId failed for value \"63ae708b57dc345d5ce171e01\" (type string) at path \"_id\" for model \"Movies\"\n    at model.Query.exec (/home/ai/Documents/nodejs/vidly/node_modules/mongoose/lib/query.js:4897:21)\n    at Query.then (/home/ai/Documents/nodejs/vidly/node_modules/mongoose/lib/query.js:4996:15)\n    at process.processTicksAndRejections (node:internal/process/task_queues:95:5)","stringValue":"\"63ae708b57dc345d5ce171e01\"","value":"63ae708b57dc345d5ce171e01","valueType":"string"}
{"kind":"ObjectId","level":"error","message":"Cast to ObjectId failed for value \"63ae708b57dc345d5ce171e0e\" (type string) at path \"_id\" for model \"Movies\" Cast to ObjectId failed for value \"63ae708b57dc345d5ce171e0e\" (type string) at path \"_id\" for model \"Movies\"","path":"_id","reason":{},"stack":"CastError: Cast to ObjectId failed for value \"63ae708b57dc345d5ce171e0e\" (type string) at path \"_id\" for model \"Movies\"\n    at model.Query.exec (/home/ai/Documents/nodejs/vidly/node_modules/mongoose/lib/query.js:4897:21)\n    at Query.then (/home/ai/Documents/nodejs/vidly/node_modules/mongoose/lib/query.js:4996:15)\n    at process.processTicksAndRejections (node:internal/process/task_queues:95:5)","stringValue":"\"63ae708b57dc345d5ce171e0e\"","value":"63ae708b57dc345d5ce171e0e","valueType":"string"}
{"kind":"ObjectId","level":"error","message":"Cast to ObjectId failed for value \"new\" (type string) at path \"_id\" for model \"Movies\" Cast to ObjectId failed for value \"new\" (type string) at path \"_id\" for model \"Movies\"","path":"_id","reason":{},"stack":"CastError: Cast to ObjectId failed for value \"new\" (type string) at path \"_id\" for model \"Movies\"\n    at model.Query.exec (/home/ai/Documents/nodejs/vidly/node_modules/mongoose/lib/query.js:4897:21)\n    at Query.then (/home/ai/Documents/nodejs/vidly/node_modules/mongoose/lib/query.js:4996:15)\n    at process.processTicksAndRejections (node:internal/process/task_queues:95:5)","stringValue":"\"new\"","value":"new","valueType":"string"}
{"level":"info","message":"Listening on port 3030..."}
{"level":"info","message":"Listening on port 3030..."}
{"level":"info","message":"Listening on port 3030..."}
{"level":"info","message":"Listening on port 3030..."}
{"level":"info","message":"Listening on port 3030..."}
{"level":"info","message":"Listening on port 3030..."}
{"level":"info","message":"Listening on port 3030..."}
{"level":"info","message":"Listening on port 3030..."}
{"level":"info","message":"Listening on port 3030..."}
{"level":"info","message":"Listening on port 3030..."}
{"level":"info","message":"Listening on port 3030..."}
{"level":"info","message":"Listening on port 3030..."}
{"level":"info","message":"Listening on port 3030..."}
{"level":"info","message":"Listening on port 3030..."}
{"level":"info","message":"Listening on port 3030..."}
{"level":"info","message":"Listening on port 3030..."}
{"level":"info","message":"Listening on port 3030..."}
{"level":"info","message":"Listening on port 3030..."}
{"level":"info","message":"Listening on port 3030..."}
{"level":"info","message":"Listening on port 3030..."}
{"level":"info","message":"Listening on port 3030..."}
